04-May-2026 08:52:04.510 INFO [main] org.apache.catalina.startup.VersionLoggerListener.log Server version name:   Apache Tomcat/9.0.89
04-May-2026 08:52:04.517 INFO [main] org.apache.catalina.startup.VersionLoggerListener.log Server built:          May 3 2024 20:22:11 UTC
04-May-2026 08:52:04.517 INFO [main] org.apache.catalina.startup.VersionLoggerListener.log Server version number: 9.0.89.0
04-May-2026 08:52:04.518 INFO [main] org.apache.catalina.startup.VersionLoggerListener.log OS Name:               Linux
04-May-2026 08:52:04.519 INFO [main] org.apache.catalina.startup.VersionLoggerListener.log OS Version:            5.15.167.4-microsoft-standard-WSL2
04-May-2026 08:52:04.520 INFO [main] org.apache.catalina.startup.VersionLoggerListener.log Architecture:          amd64
04-May-2026 08:52:04.520 INFO [main] org.apache.catalina.startup.VersionLoggerListener.log Java Home:             /usr/lib/jvm/java-17-openjdk-amd64
04-May-2026 08:52:04.520 INFO [main] org.apache.catalina.startup.VersionLoggerListener.log JVM Version:           17.0.18+8-Ubuntu-124.04.1
04-May-2026 08:52:04.521 INFO [main] org.apache.catalina.startup.VersionLoggerListener.log JVM Vendor:            Ubuntu
04-May-2026 08:52:04.521 INFO [main] org.apache.catalina.startup.VersionLoggerListener.log CATALINA_BASE:         /mnt/c/Users/chend/Downloads/insured-assurance-app/target/apache-tomcat-9.0.89
04-May-2026 08:52:04.522 INFO [main] org.apache.catalina.startup.VersionLoggerListener.log CATALINA_HOME:         /mnt/c/Users/chend/Downloads/insured-assurance-app/target/apache-tomcat-9.0.89
04-May-2026 08:52:04.541 INFO [main] org.apache.catalina.startup.VersionLoggerListener.log Command line argument: --add-opens=java.base/java.lang=ALL-UNNAMED
04-May-2026 08:52:04.542 INFO [main] org.apache.catalina.startup.VersionLoggerListener.log Command line argument: --add-opens=java.base/java.io=ALL-UNNAMED
04-May-2026 08:52:04.543 INFO [main] org.apache.catalina.startup.VersionLoggerListener.log Command line argument: --add-opens=java.base/java.util=ALL-UNNAMED
04-May-2026 08:52:04.543 INFO [main] org.apache.catalina.startup.VersionLoggerListener.log Command line argument: --add-opens=java.base/java.util.concurrent=ALL-UNNAMED
04-May-2026 08:52:04.544 INFO [main] org.apache.catalina.startup.VersionLoggerListener.log Command line argument: --add-opens=java.rmi/sun.rmi.transport=ALL-UNNAMED
04-May-2026 08:52:04.544 INFO [main] org.apache.catalina.startup.VersionLoggerListener.log Command line argument: -Djava.util.logging.config.file=/mnt/c/Users/chend/Downloads/insured-assurance-app/target/apache-tomcat-9.0.89/conf/logging.properties
04-May-2026 08:52:04.545 INFO [main] org.apache.catalina.startup.VersionLoggerListener.log Command line argument: -Djava.util.logging.manager=org.apache.juli.ClassLoaderLogManager
04-May-2026 08:52:04.545 INFO [main] org.apache.catalina.startup.VersionLoggerListener.log Command line argument: -Djdk.tls.ephemeralDHKeySize=2048
04-May-2026 08:52:04.545 INFO [main] org.apache.catalina.startup.VersionLoggerListener.log Command line argument: -Djava.protocol.handler.pkgs=org.apache.catalina.webresources
04-May-2026 08:52:04.546 INFO [main] org.apache.catalina.startup.VersionLoggerListener.log Command line argument: -Dorg.apache.catalina.security.SecurityListener.UMASK=0027
04-May-2026 08:52:04.546 INFO [main] org.apache.catalina.startup.VersionLoggerListener.log Command line argument: -Dignore.endorsed.dirs=
04-May-2026 08:52:04.547 INFO [main] org.apache.catalina.startup.VersionLoggerListener.log Command line argument: -Dcatalina.base=/mnt/c/Users/chend/Downloads/insured-assurance-app/target/apache-tomcat-9.0.89
04-May-2026 08:52:04.547 INFO [main] org.apache.catalina.startup.VersionLoggerListener.log Command line argument: -Dcatalina.home=/mnt/c/Users/chend/Downloads/insured-assurance-app/target/apache-tomcat-9.0.89
04-May-2026 08:52:04.547 INFO [main] org.apache.catalina.startup.VersionLoggerListener.log Command line argument: -Djava.io.tmpdir=/mnt/c/Users/chend/Downloads/insured-assurance-app/target/apache-tomcat-9.0.89/temp
04-May-2026 08:52:04.555 INFO [main] org.apache.catalina.core.AprLifecycleListener.lifecycleEvent The Apache Tomcat Native library which allows using OpenSSL was not found on the java.library.path: [/usr/java/packages/lib:/usr/lib/x86_64-linux-gnu/jni:/lib/x86_64-linux-gnu:/usr/lib/x86_64-linux-gnu:/usr/lib/jni:/lib:/usr/lib]
04-May-2026 08:52:05.182 INFO [main] org.apache.coyote.AbstractProtocol.init Initializing ProtocolHandler ["http-nio-8080"]
04-May-2026 08:52:05.223 SEVERE [main] org.apache.catalina.util.LifecycleBase.handleSubClassException Failed to initialize component [Connector["http-nio-8080"]]
	org.apache.catalina.LifecycleException: Protocol handler initialization failed
		at org.apache.catalina.connector.Connector.initInternal(Connector.java:1012)
		at org.apache.catalina.util.LifecycleBase.init(LifecycleBase.java:127)
		at org.apache.catalina.core.StandardService.initInternal(StandardService.java:525)
		at org.apache.catalina.util.LifecycleBase.init(LifecycleBase.java:127)
		at org.apache.catalina.core.StandardServer.initInternal(StandardServer.java:990)
		at org.apache.catalina.util.LifecycleBase.init(LifecycleBase.java:127)
		at org.apache.catalina.startup.Catalina.load(Catalina.java:686)
		at org.apache.catalina.startup.Catalina.load(Catalina.java:709)
		at java.base/jdk.internal.reflect.NativeMethodAccessorImpl.invoke0(Native Method)
		at java.base/jdk.internal.reflect.NativeMethodAccessorImpl.invoke(NativeMethodAccessorImpl.java:77)
		at java.base/jdk.internal.reflect.DelegatingMethodAccessorImpl.invoke(DelegatingMethodAccessorImpl.java:43)
		at java.base/java.lang.reflect.Method.invoke(Method.java:569)
		at org.apache.catalina.startup.Bootstrap.load(Bootstrap.java:302)
		at org.apache.catalina.startup.Bootstrap.main(Bootstrap.java:472)
	Caused by: java.net.BindException: Address already in use
		at java.base/sun.nio.ch.Net.bind0(Native Method)
		at java.base/sun.nio.ch.Net.bind(Net.java:567)
		at java.base/sun.nio.ch.ServerSocketChannelImpl.netBind(ServerSocketChannelImpl.java:337)
		at java.base/sun.nio.ch.ServerSocketChannelImpl.bind(ServerSocketChannelImpl.java:294)
		at org.apache.tomcat.util.net.NioEndpoint.initServerSocket(NioEndpoint.java:268)
		at org.apache.tomcat.util.net.NioEndpoint.bind(NioEndpoint.java:223)
		at org.apache.tomcat.util.net.AbstractEndpoint.bindWithCleanup(AbstractEndpoint.java:1355)
		at org.apache.tomcat.util.net.AbstractEndpoint.init(AbstractEndpoint.java:1368)
		at org.apache.coyote.AbstractProtocol.init(AbstractProtocol.java:654)
		at org.apache.coyote.http11.AbstractHttp11Protocol.init(AbstractHttp11Protocol.java:75)
		at org.apache.catalina.connector.Connector.initInternal(Connector.java:1010)
		... 13 more
04-May-2026 08:52:05.224 INFO [main] org.apache.catalina.startup.Catalina.load Server initialization in [1244] milliseconds
04-May-2026 08:52:05.366 INFO [main] org.apache.catalina.core.StandardService.startInternal Starting service [Catalina]
04-May-2026 08:52:05.367 INFO [main] org.apache.catalina.core.StandardEngine.startInternal Starting Servlet engine: [Apache Tomcat/9.0.89]
04-May-2026 08:52:05.418 INFO [main] org.apache.catalina.startup.HostConfig.deployDirectory Deploying web application directory [/mnt/c/Users/chend/Downloads/insured-assurance-app/target/apache-tomcat-9.0.89/webapps/docs]
04-May-2026 08:52:06.675 INFO [main] org.apache.catalina.startup.HostConfig.deployDirectory Deployment of web application directory [/mnt/c/Users/chend/Downloads/insured-assurance-app/target/apache-tomcat-9.0.89/webapps/docs] has finished in [1,249] ms
04-May-2026 08:52:06.678 INFO [main] org.apache.catalina.startup.HostConfig.deployDirectory Deploying web application directory [/mnt/c/Users/chend/Downloads/insured-assurance-app/target/apache-tomcat-9.0.89/webapps/examples]
04-May-2026 08:52:13.446 INFO [main] org.apache.catalina.startup.HostConfig.deployDirectory Deployment of web application directory [/mnt/c/Users/chend/Downloads/insured-assurance-app/target/apache-tomcat-9.0.89/webapps/examples] has finished in [6,768] ms
04-May-2026 08:52:13.451 INFO [main] org.apache.catalina.startup.HostConfig.deployDirectory Deploying web application directory [/mnt/c/Users/chend/Downloads/insured-assurance-app/target/apache-tomcat-9.0.89/webapps/host-manager]
04-May-2026 08:52:14.119 INFO [main] org.apache.catalina.startup.HostConfig.deployDirectory Deployment of web application directory [/mnt/c/Users/chend/Downloads/insured-assurance-app/target/apache-tomcat-9.0.89/webapps/host-manager] has finished in [668] ms
04-May-2026 08:52:14.122 INFO [main] org.apache.catalina.startup.HostConfig.deployDirectory Deploying web application directory [/mnt/c/Users/chend/Downloads/insured-assurance-app/target/apache-tomcat-9.0.89/webapps/manager]
04-May-2026 08:52:14.754 INFO [main] org.apache.catalina.startup.HostConfig.deployDirectory Deployment of web application directory [/mnt/c/Users/chend/Downloads/insured-assurance-app/target/apache-tomcat-9.0.89/webapps/manager] has finished in [632] ms
04-May-2026 08:52:14.756 INFO [main] org.apache.catalina.startup.HostConfig.deployDirectory Deploying web application directory [/mnt/c/Users/chend/Downloads/insured-assurance-app/target/apache-tomcat-9.0.89/webapps/ROOT]
04-May-2026 08:52:15.229 INFO [main] org.apache.catalina.startup.HostConfig.deployDirectory Deployment of web application directory [/mnt/c/Users/chend/Downloads/insured-assurance-app/target/apache-tomcat-9.0.89/webapps/ROOT] has finished in [473] ms
04-May-2026 08:52:15.241 INFO [main] org.apache.catalina.startup.Catalina.start Server startup in [10016] milliseconds
04-May-2026 08:53:10.162 INFO [main] org.apache.catalina.startup.VersionLoggerListener.log Server version name:   Apache Tomcat/9.0.89
04-May-2026 08:53:10.168 INFO [main] org.apache.catalina.startup.VersionLoggerListener.log Server built:          May 3 2024 20:22:11 UTC
04-May-2026 08:53:10.169 INFO [main] org.apache.catalina.startup.VersionLoggerListener.log Server version number: 9.0.89.0
04-May-2026 08:53:10.170 INFO [main] org.apache.catalina.startup.VersionLoggerListener.log OS Name:               Linux
04-May-2026 08:53:10.170 INFO [main] org.apache.catalina.startup.VersionLoggerListener.log OS Version:            5.15.167.4-microsoft-standard-WSL2
04-May-2026 08:53:10.170 INFO [main] org.apache.catalina.startup.VersionLoggerListener.log Architecture:          amd64
04-May-2026 08:53:10.171 INFO [main] org.apache.catalina.startup.VersionLoggerListener.log Java Home:             /usr/lib/jvm/java-17-openjdk-amd64
04-May-2026 08:53:10.171 INFO [main] org.apache.catalina.startup.VersionLoggerListener.log JVM Version:           17.0.18+8-Ubuntu-124.04.1
04-May-2026 08:53:10.172 INFO [main] org.apache.catalina.startup.VersionLoggerListener.log JVM Vendor:            Ubuntu
04-May-2026 08:53:10.172 INFO [main] org.apache.catalina.startup.VersionLoggerListener.log CATALINA_BASE:         /mnt/c/Users/chend/Downloads/insured-assurance-app/target/apache-tomcat-9.0.89
04-May-2026 08:53:10.173 INFO [main] org.apache.catalina.startup.VersionLoggerListener.log CATALINA_HOME:         /mnt/c/Users/chend/Downloads/insured-assurance-app/target/apache-tomcat-9.0.89
04-May-2026 08:53:10.181 INFO [main] org.apache.catalina.startup.VersionLoggerListener.log Command line argument: --add-opens=java.base/java.lang=ALL-UNNAMED
04-May-2026 08:53:10.181 INFO [main] org.apache.catalina.startup.VersionLoggerListener.log Command line argument: --add-opens=java.base/java.io=ALL-UNNAMED
04-May-2026 08:53:10.182 INFO [main] org.apache.catalina.startup.VersionLoggerListener.log Command line argument: --add-opens=java.base/java.util=ALL-UNNAMED
04-May-2026 08:53:10.183 INFO [main] org.apache.catalina.startup.VersionLoggerListener.log Command line argument: --add-opens=java.base/java.util.concurrent=ALL-UNNAMED
04-May-2026 08:53:10.183 INFO [main] org.apache.catalina.startup.VersionLoggerListener.log Command line argument: --add-opens=java.rmi/sun.rmi.transport=ALL-UNNAMED
04-May-2026 08:53:10.184 INFO [main] org.apache.catalina.startup.VersionLoggerListener.log Command line argument: -Djava.util.logging.config.file=/mnt/c/Users/chend/Downloads/insured-assurance-app/target/apache-tomcat-9.0.89/conf/logging.properties
04-May-2026 08:53:10.184 INFO [main] org.apache.catalina.startup.VersionLoggerListener.log Command line argument: -Djava.util.logging.manager=org.apache.juli.ClassLoaderLogManager
04-May-2026 08:53:10.185 INFO [main] org.apache.catalina.startup.VersionLoggerListener.log Command line argument: -Djdk.tls.ephemeralDHKeySize=2048
04-May-2026 08:53:10.186 INFO [main] org.apache.catalina.startup.VersionLoggerListener.log Command line argument: -Djava.protocol.handler.pkgs=org.apache.catalina.webresources
04-May-2026 08:53:10.186 INFO [main] org.apache.catalina.startup.VersionLoggerListener.log Command line argument: -Dorg.apache.catalina.security.SecurityListener.UMASK=0027
04-May-2026 08:53:10.187 INFO [main] org.apache.catalina.startup.VersionLoggerListener.log Command line argument: -Dignore.endorsed.dirs=
04-May-2026 08:53:10.187 INFO [main] org.apache.catalina.startup.VersionLoggerListener.log Command line argument: -Dcatalina.base=/mnt/c/Users/chend/Downloads/insured-assurance-app/target/apache-tomcat-9.0.89
04-May-2026 08:53:10.187 INFO [main] org.apache.catalina.startup.VersionLoggerListener.log Command line argument: -Dcatalina.home=/mnt/c/Users/chend/Downloads/insured-assurance-app/target/apache-tomcat-9.0.89
04-May-2026 08:53:10.188 INFO [main] org.apache.catalina.startup.VersionLoggerListener.log Command line argument: -Djava.io.tmpdir=/mnt/c/Users/chend/Downloads/insured-assurance-app/target/apache-tomcat-9.0.89/temp
04-May-2026 08:53:10.194 INFO [main] org.apache.catalina.core.AprLifecycleListener.lifecycleEvent The Apache Tomcat Native library which allows using OpenSSL was not found on the java.library.path: [/usr/java/packages/lib:/usr/lib/x86_64-linux-gnu/jni:/lib/x86_64-linux-gnu:/usr/lib/x86_64-linux-gnu:/usr/lib/jni:/lib:/usr/lib]
04-May-2026 08:53:10.751 INFO [main] org.apache.coyote.AbstractProtocol.init Initializing ProtocolHandler ["http-nio-8080"]
04-May-2026 08:53:10.802 INFO [main] org.apache.catalina.startup.Catalina.load Server initialization in [1079] milliseconds
04-May-2026 08:53:10.902 INFO [main] org.apache.catalina.core.StandardService.startInternal Starting service [Catalina]
04-May-2026 08:53:10.903 INFO [main] org.apache.catalina.core.StandardEngine.startInternal Starting Servlet engine: [Apache Tomcat/9.0.89]
04-May-2026 08:53:10.950 INFO [main] org.apache.catalina.startup.HostConfig.deployDirectory Deploying web application directory [/mnt/c/Users/chend/Downloads/insured-assurance-app/target/apache-tomcat-9.0.89/webapps/docs]
04-May-2026 08:53:12.223 INFO [main] org.apache.catalina.startup.HostConfig.deployDirectory Deployment of web application directory [/mnt/c/Users/chend/Downloads/insured-assurance-app/target/apache-tomcat-9.0.89/webapps/docs] has finished in [1,272] ms
04-May-2026 08:53:12.225 INFO [main] org.apache.catalina.startup.HostConfig.deployDirectory Deploying web application directory [/mnt/c/Users/chend/Downloads/insured-assurance-app/target/apache-tomcat-9.0.89/webapps/examples]
04-May-2026 08:53:18.588 INFO [main] org.apache.catalina.startup.HostConfig.deployDirectory Deployment of web application directory [/mnt/c/Users/chend/Downloads/insured-assurance-app/target/apache-tomcat-9.0.89/webapps/examples] has finished in [6,363] ms
04-May-2026 08:53:18.590 INFO [main] org.apache.catalina.startup.HostConfig.deployDirectory Deploying web application directory [/mnt/c/Users/chend/Downloads/insured-assurance-app/target/apache-tomcat-9.0.89/webapps/host-manager]
04-May-2026 08:53:19.234 INFO [main] org.apache.catalina.startup.HostConfig.deployDirectory Deployment of web application directory [/mnt/c/Users/chend/Downloads/insured-assurance-app/target/apache-tomcat-9.0.89/webapps/host-manager] has finished in [644] ms
04-May-2026 08:53:19.237 INFO [main] org.apache.catalina.startup.HostConfig.deployDirectory Deploying web application directory [/mnt/c/Users/chend/Downloads/insured-assurance-app/target/apache-tomcat-9.0.89/webapps/manager]
04-May-2026 08:53:19.920 INFO [main] org.apache.catalina.startup.HostConfig.deployDirectory Deployment of web application directory [/mnt/c/Users/chend/Downloads/insured-assurance-app/target/apache-tomcat-9.0.89/webapps/manager] has finished in [683] ms
04-May-2026 08:53:19.924 INFO [main] org.apache.catalina.startup.HostConfig.deployDirectory Deploying web application directory [/mnt/c/Users/chend/Downloads/insured-assurance-app/target/apache-tomcat-9.0.89/webapps/ROOT]
04-May-2026 08:53:20.413 INFO [main] org.apache.catalina.startup.HostConfig.deployDirectory Deployment of web application directory [/mnt/c/Users/chend/Downloads/insured-assurance-app/target/apache-tomcat-9.0.89/webapps/ROOT] has finished in [489] ms
04-May-2026 08:53:20.426 INFO [main] org.apache.coyote.AbstractProtocol.start Starting ProtocolHandler ["http-nio-8080"]
04-May-2026 08:53:20.459 INFO [main] org.apache.catalina.startup.Catalina.start Server startup in [9655] milliseconds
04-May-2026 08:53:20.463 SEVERE [main] org.apache.catalina.core.StandardServer.await Failed to create server shutdown socket on address [localhost] and port [8005] (base port [8005] and offset [0])
	java.net.BindException: Address already in use
		at java.base/sun.nio.ch.Net.bind0(Native Method)
		at java.base/sun.nio.ch.Net.bind(Net.java:567)
		at java.base/sun.nio.ch.Net.bind(Net.java:556)
		at java.base/sun.nio.ch.NioSocketImpl.bind(NioSocketImpl.java:648)
		at java.base/java.net.ServerSocket.bind(ServerSocket.java:388)
		at java.base/java.net.ServerSocket.<init>(ServerSocket.java:274)
		at org.apache.catalina.core.StandardServer.await(StandardServer.java:541)
		at org.apache.catalina.startup.Catalina.await(Catalina.java:825)
		at org.apache.catalina.startup.Catalina.start(Catalina.java:773)
		at java.base/jdk.internal.reflect.NativeMethodAccessorImpl.invoke0(Native Method)
		at java.base/jdk.internal.reflect.NativeMethodAccessorImpl.invoke(NativeMethodAccessorImpl.java:77)
		at java.base/jdk.internal.reflect.DelegatingMethodAccessorImpl.invoke(DelegatingMethodAccessorImpl.java:43)
		at java.base/java.lang.reflect.Method.invoke(Method.java:569)
		at org.apache.catalina.startup.Bootstrap.start(Bootstrap.java:345)
		at org.apache.catalina.startup.Bootstrap.main(Bootstrap.java:473)
04-May-2026 08:53:20.464 INFO [main] org.apache.coyote.AbstractProtocol.pause Pausing ProtocolHandler ["http-nio-8080"]
04-May-2026 08:53:20.479 INFO [main] org.apache.catalina.core.StandardService.stopInternal Stopping service [Catalina]
04-May-2026 08:53:20.516 INFO [main] org.apache.coyote.AbstractProtocol.stop Stopping ProtocolHandler ["http-nio-8080"]
04-May-2026 08:53:20.550 INFO [main] org.apache.coyote.AbstractProtocol.destroy Destroying ProtocolHandler ["http-nio-8080"]
04-May-2026 08:55:38.841 INFO [main] org.apache.catalina.startup.VersionLoggerListener.log Server version name:   Apache Tomcat/9.0.89
04-May-2026 08:55:38.848 INFO [main] org.apache.catalina.startup.VersionLoggerListener.log Server built:          May 3 2024 20:22:11 UTC
04-May-2026 08:55:38.849 INFO [main] org.apache.catalina.startup.VersionLoggerListener.log Server version number: 9.0.89.0
04-May-2026 08:55:38.849 INFO [main] org.apache.catalina.startup.VersionLoggerListener.log OS Name:               Linux
04-May-2026 08:55:38.850 INFO [main] org.apache.catalina.startup.VersionLoggerListener.log OS Version:            5.15.167.4-microsoft-standard-WSL2
04-May-2026 08:55:38.850 INFO [main] org.apache.catalina.startup.VersionLoggerListener.log Architecture:          amd64
04-May-2026 08:55:38.850 INFO [main] org.apache.catalina.startup.VersionLoggerListener.log Java Home:             /usr/lib/jvm/java-17-openjdk-amd64
04-May-2026 08:55:38.850 INFO [main] org.apache.catalina.startup.VersionLoggerListener.log JVM Version:           17.0.18+8-Ubuntu-124.04.1
04-May-2026 08:55:38.850 INFO [main] org.apache.catalina.startup.VersionLoggerListener.log JVM Vendor:            Ubuntu
04-May-2026 08:55:38.851 INFO [main] org.apache.catalina.startup.VersionLoggerListener.log CATALINA_BASE:         /mnt/c/Users/chend/Downloads/insured-assurance-app/target/apache-tomcat-9.0.89
04-May-2026 08:55:38.851 INFO [main] org.apache.catalina.startup.VersionLoggerListener.log CATALINA_HOME:         /mnt/c/Users/chend/Downloads/insured-assurance-app/target/apache-tomcat-9.0.89
04-May-2026 08:55:38.874 INFO [main] org.apache.catalina.startup.VersionLoggerListener.log Command line argument: --add-opens=java.base/java.lang=ALL-UNNAMED
04-May-2026 08:55:38.874 INFO [main] org.apache.catalina.startup.VersionLoggerListener.log Command line argument: --add-opens=java.base/java.io=ALL-UNNAMED
04-May-2026 08:55:38.875 INFO [main] org.apache.catalina.startup.VersionLoggerListener.log Command line argument: --add-opens=java.base/java.util=ALL-UNNAMED
04-May-2026 08:55:38.875 INFO [main] org.apache.catalina.startup.VersionLoggerListener.log Command line argument: --add-opens=java.base/java.util.concurrent=ALL-UNNAMED
04-May-2026 08:55:38.875 INFO [main] org.apache.catalina.startup.VersionLoggerListener.log Command line argument: --add-opens=java.rmi/sun.rmi.transport=ALL-UNNAMED
04-May-2026 08:55:38.875 INFO [main] org.apache.catalina.startup.VersionLoggerListener.log Command line argument: -Djava.util.logging.config.file=/mnt/c/Users/chend/Downloads/insured-assurance-app/target/apache-tomcat-9.0.89/conf/logging.properties
04-May-2026 08:55:38.876 INFO [main] org.apache.catalina.startup.VersionLoggerListener.log Command line argument: -Djava.util.logging.manager=org.apache.juli.ClassLoaderLogManager
04-May-2026 08:55:38.876 INFO [main] org.apache.catalina.startup.VersionLoggerListener.log Command line argument: -Djdk.tls.ephemeralDHKeySize=2048
04-May-2026 08:55:38.876 INFO [main] org.apache.catalina.startup.VersionLoggerListener.log Command line argument: -Djava.protocol.handler.pkgs=org.apache.catalina.webresources
04-May-2026 08:55:38.876 INFO [main] org.apache.catalina.startup.VersionLoggerListener.log Command line argument: -Dorg.apache.catalina.security.SecurityListener.UMASK=0027
04-May-2026 08:55:38.877 INFO [main] org.apache.catalina.startup.VersionLoggerListener.log Command line argument: -Dignore.endorsed.dirs=
04-May-2026 08:55:38.877 INFO [main] org.apache.catalina.startup.VersionLoggerListener.log Command line argument: -Dcatalina.base=/mnt/c/Users/chend/Downloads/insured-assurance-app/target/apache-tomcat-9.0.89
04-May-2026 08:55:38.878 INFO [main] org.apache.catalina.startup.VersionLoggerListener.log Command line argument: -Dcatalina.home=/mnt/c/Users/chend/Downloads/insured-assurance-app/target/apache-tomcat-9.0.89
04-May-2026 08:55:38.879 INFO [main] org.apache.catalina.startup.VersionLoggerListener.log Command line argument: -Djava.io.tmpdir=/mnt/c/Users/chend/Downloads/insured-assurance-app/target/apache-tomcat-9.0.89/temp
04-May-2026 08:55:38.885 INFO [main] org.apache.catalina.core.AprLifecycleListener.lifecycleEvent The Apache Tomcat Native library which allows using OpenSSL was not found on the java.library.path: [/usr/java/packages/lib:/usr/lib/x86_64-linux-gnu/jni:/lib/x86_64-linux-gnu:/usr/lib/x86_64-linux-gnu:/usr/lib/jni:/lib:/usr/lib]
04-May-2026 08:55:39.474 INFO [main] org.apache.coyote.AbstractProtocol.init Initializing ProtocolHandler ["http-nio-8080"]
04-May-2026 08:55:39.531 INFO [main] org.apache.catalina.startup.Catalina.load Server initialization in [1198] milliseconds
04-May-2026 08:55:39.642 INFO [main] org.apache.catalina.core.StandardService.startInternal Starting service [Catalina]
04-May-2026 08:55:39.643 INFO [main] org.apache.catalina.core.StandardEngine.startInternal Starting Servlet engine: [Apache Tomcat/9.0.89]
04-May-2026 08:55:39.688 INFO [main] org.apache.catalina.startup.HostConfig.deployDirectory Deploying web application directory [/mnt/c/Users/chend/Downloads/insured-assurance-app/target/apache-tomcat-9.0.89/webapps/docs]
04-May-2026 08:55:40.864 INFO [main] org.apache.catalina.startup.HostConfig.deployDirectory Deployment of web application directory [/mnt/c/Users/chend/Downloads/insured-assurance-app/target/apache-tomcat-9.0.89/webapps/docs] has finished in [1,167] ms
04-May-2026 08:55:40.866 INFO [main] org.apache.catalina.startup.HostConfig.deployDirectory Deploying web application directory [/mnt/c/Users/chend/Downloads/insured-assurance-app/target/apache-tomcat-9.0.89/webapps/examples]
04-May-2026 08:55:46.694 INFO [main] org.apache.catalina.startup.HostConfig.deployDirectory Deployment of web application directory [/mnt/c/Users/chend/Downloads/insured-assurance-app/target/apache-tomcat-9.0.89/webapps/examples] has finished in [5,828] ms
04-May-2026 08:55:46.696 INFO [main] org.apache.catalina.startup.HostConfig.deployDirectory Deploying web application directory [/mnt/c/Users/chend/Downloads/insured-assurance-app/target/apache-tomcat-9.0.89/webapps/host-manager]
04-May-2026 08:55:47.244 INFO [main] org.apache.catalina.startup.HostConfig.deployDirectory Deployment of web application directory [/mnt/c/Users/chend/Downloads/insured-assurance-app/target/apache-tomcat-9.0.89/webapps/host-manager] has finished in [548] ms
04-May-2026 08:55:47.246 INFO [main] org.apache.catalina.startup.HostConfig.deployDirectory Deploying web application directory [/mnt/c/Users/chend/Downloads/insured-assurance-app/target/apache-tomcat-9.0.89/webapps/manager]
04-May-2026 08:55:47.927 INFO [main] org.apache.catalina.startup.HostConfig.deployDirectory Deployment of web application directory [/mnt/c/Users/chend/Downloads/insured-assurance-app/target/apache-tomcat-9.0.89/webapps/manager] has finished in [681] ms
04-May-2026 08:55:47.932 INFO [main] org.apache.catalina.startup.HostConfig.deployDirectory Deploying web application directory [/mnt/c/Users/chend/Downloads/insured-assurance-app/target/apache-tomcat-9.0.89/webapps/ROOT]
04-May-2026 08:55:48.531 INFO [main] org.apache.catalina.startup.HostConfig.deployDirectory Deployment of web application directory [/mnt/c/Users/chend/Downloads/insured-assurance-app/target/apache-tomcat-9.0.89/webapps/ROOT] has finished in [599] ms
04-May-2026 08:55:48.546 INFO [main] org.apache.coyote.AbstractProtocol.start Starting ProtocolHandler ["http-nio-8080"]
04-May-2026 08:55:48.585 INFO [main] org.apache.catalina.startup.Catalina.start Server startup in [9053] milliseconds
04-May-2026 08:55:48.593 SEVERE [main] org.apache.catalina.core.StandardServer.await Failed to create server shutdown socket on address [localhost] and port [8005] (base port [8005] and offset [0])
	java.net.BindException: Address already in use
		at java.base/sun.nio.ch.Net.bind0(Native Method)
		at java.base/sun.nio.ch.Net.bind(Net.java:567)
		at java.base/sun.nio.ch.Net.bind(Net.java:556)
		at java.base/sun.nio.ch.NioSocketImpl.bind(NioSocketImpl.java:648)
		at java.base/java.net.ServerSocket.bind(ServerSocket.java:388)
		at java.base/java.net.ServerSocket.<init>(ServerSocket.java:274)
		at org.apache.catalina.core.StandardServer.await(StandardServer.java:541)
		at org.apache.catalina.startup.Catalina.await(Catalina.java:825)
		at org.apache.catalina.startup.Catalina.start(Catalina.java:773)
		at java.base/jdk.internal.reflect.NativeMethodAccessorImpl.invoke0(Native Method)
		at java.base/jdk.internal.reflect.NativeMethodAccessorImpl.invoke(NativeMethodAccessorImpl.java:77)
		at java.base/jdk.internal.reflect.DelegatingMethodAccessorImpl.invoke(DelegatingMethodAccessorImpl.java:43)
		at java.base/java.lang.reflect.Method.invoke(Method.java:569)
		at org.apache.catalina.startup.Bootstrap.start(Bootstrap.java:345)
		at org.apache.catalina.startup.Bootstrap.main(Bootstrap.java:473)
04-May-2026 08:55:48.595 INFO [main] org.apache.coyote.AbstractProtocol.pause Pausing ProtocolHandler ["http-nio-8080"]
04-May-2026 08:55:48.602 INFO [main] org.apache.catalina.core.StandardService.stopInternal Stopping service [Catalina]
04-May-2026 08:55:48.647 INFO [main] org.apache.coyote.AbstractProtocol.stop Stopping ProtocolHandler ["http-nio-8080"]
04-May-2026 08:55:48.656 INFO [main] org.apache.coyote.AbstractProtocol.destroy Destroying ProtocolHandler ["http-nio-8080"]
04-May-2026 08:56:14.433 INFO [main] org.apache.catalina.startup.VersionLoggerListener.log Server version name:   Apache Tomcat/9.0.89
04-May-2026 08:56:14.439 INFO [main] org.apache.catalina.startup.VersionLoggerListener.log Server built:          May 3 2024 20:22:11 UTC
04-May-2026 08:56:14.439 INFO [main] org.apache.catalina.startup.VersionLoggerListener.log Server version number: 9.0.89.0
04-May-2026 08:56:14.440 INFO [main] org.apache.catalina.startup.VersionLoggerListener.log OS Name:               Linux
04-May-2026 08:56:14.440 INFO [main] org.apache.catalina.startup.VersionLoggerListener.log OS Version:            5.15.167.4-microsoft-standard-WSL2
04-May-2026 08:56:14.441 INFO [main] org.apache.catalina.startup.VersionLoggerListener.log Architecture:          amd64
04-May-2026 08:56:14.441 INFO [main] org.apache.catalina.startup.VersionLoggerListener.log Java Home:             /usr/lib/jvm/java-17-openjdk-amd64
04-May-2026 08:56:14.442 INFO [main] org.apache.catalina.startup.VersionLoggerListener.log JVM Version:           17.0.18+8-Ubuntu-124.04.1
04-May-2026 08:56:14.442 INFO [main] org.apache.catalina.startup.VersionLoggerListener.log JVM Vendor:            Ubuntu
04-May-2026 08:56:14.443 INFO [main] org.apache.catalina.startup.VersionLoggerListener.log CATALINA_BASE:         /mnt/c/Users/chend/Downloads/insured-assurance-app/target/apache-tomcat-9.0.89
04-May-2026 08:56:14.443 INFO [main] org.apache.catalina.startup.VersionLoggerListener.log CATALINA_HOME:         /mnt/c/Users/chend/Downloads/insured-assurance-app/target/apache-tomcat-9.0.89
04-May-2026 08:56:14.450 INFO [main] org.apache.catalina.startup.VersionLoggerListener.log Command line argument: --add-opens=java.base/java.lang=ALL-UNNAMED
04-May-2026 08:56:14.451 INFO [main] org.apache.catalina.startup.VersionLoggerListener.log Command line argument: --add-opens=java.base/java.io=ALL-UNNAMED
04-May-2026 08:56:14.452 INFO [main] org.apache.catalina.startup.VersionLoggerListener.log Command line argument: --add-opens=java.base/java.util=ALL-UNNAMED
04-May-2026 08:56:14.452 INFO [main] org.apache.catalina.startup.VersionLoggerListener.log Command line argument: --add-opens=java.base/java.util.concurrent=ALL-UNNAMED
04-May-2026 08:56:14.452 INFO [main] org.apache.catalina.startup.VersionLoggerListener.log Command line argument: --add-opens=java.rmi/sun.rmi.transport=ALL-UNNAMED
04-May-2026 08:56:14.453 INFO [main] org.apache.catalina.startup.VersionLoggerListener.log Command line argument: -Djava.util.logging.config.file=/mnt/c/Users/chend/Downloads/insured-assurance-app/target/apache-tomcat-9.0.89/conf/logging.properties
04-May-2026 08:56:14.453 INFO [main] org.apache.catalina.startup.VersionLoggerListener.log Command line argument: -Djava.util.logging.manager=org.apache.juli.ClassLoaderLogManager
04-May-2026 08:56:14.454 INFO [main] org.apache.catalina.startup.VersionLoggerListener.log Command line argument: -Djdk.tls.ephemeralDHKeySize=2048
04-May-2026 08:56:14.454 INFO [main] org.apache.catalina.startup.VersionLoggerListener.log Command line argument: -Djava.protocol.handler.pkgs=org.apache.catalina.webresources
04-May-2026 08:56:14.455 INFO [main] org.apache.catalina.startup.VersionLoggerListener.log Command line argument: -Dorg.apache.catalina.security.SecurityListener.UMASK=0027
04-May-2026 08:56:14.455 INFO [main] org.apache.catalina.startup.VersionLoggerListener.log Command line argument: -Dignore.endorsed.dirs=
04-May-2026 08:56:14.456 INFO [main] org.apache.catalina.startup.VersionLoggerListener.log Command line argument: -Dcatalina.base=/mnt/c/Users/chend/Downloads/insured-assurance-app/target/apache-tomcat-9.0.89
04-May-2026 08:56:14.456 INFO [main] org.apache.catalina.startup.VersionLoggerListener.log Command line argument: -Dcatalina.home=/mnt/c/Users/chend/Downloads/insured-assurance-app/target/apache-tomcat-9.0.89
04-May-2026 08:56:14.456 INFO [main] org.apache.catalina.startup.VersionLoggerListener.log Command line argument: -Djava.io.tmpdir=/mnt/c/Users/chend/Downloads/insured-assurance-app/target/apache-tomcat-9.0.89/temp
04-May-2026 08:56:14.462 INFO [main] org.apache.catalina.core.AprLifecycleListener.lifecycleEvent The Apache Tomcat Native library which allows using OpenSSL was not found on the java.library.path: [/usr/java/packages/lib:/usr/lib/x86_64-linux-gnu/jni:/lib/x86_64-linux-gnu:/usr/lib/x86_64-linux-gnu:/usr/lib/jni:/lib:/usr/lib]
04-May-2026 08:56:15.008 INFO [main] org.apache.coyote.AbstractProtocol.init Initializing ProtocolHandler ["http-nio-8080"]
04-May-2026 08:56:15.042 INFO [main] org.apache.catalina.startup.Catalina.load Server initialization in [1075] milliseconds
04-May-2026 08:56:15.133 INFO [main] org.apache.catalina.core.StandardService.startInternal Starting service [Catalina]
04-May-2026 08:56:15.134 INFO [main] org.apache.catalina.core.StandardEngine.startInternal Starting Servlet engine: [Apache Tomcat/9.0.89]
04-May-2026 08:56:15.181 INFO [main] org.apache.catalina.startup.HostConfig.deployDirectory Deploying web application directory [/mnt/c/Users/chend/Downloads/insured-assurance-app/target/apache-tomcat-9.0.89/webapps/docs]
04-May-2026 08:56:16.269 INFO [main] org.apache.catalina.startup.HostConfig.deployDirectory Deployment of web application directory [/mnt/c/Users/chend/Downloads/insured-assurance-app/target/apache-tomcat-9.0.89/webapps/docs] has finished in [1,088] ms
04-May-2026 08:56:16.273 INFO [main] org.apache.catalina.startup.HostConfig.deployDirectory Deploying web application directory [/mnt/c/Users/chend/Downloads/insured-assurance-app/target/apache-tomcat-9.0.89/webapps/examples]
04-May-2026 08:56:23.332 INFO [main] org.apache.catalina.startup.HostConfig.deployDirectory Deployment of web application directory [/mnt/c/Users/chend/Downloads/insured-assurance-app/target/apache-tomcat-9.0.89/webapps/examples] has finished in [7,059] ms
04-May-2026 08:56:23.335 INFO [main] org.apache.catalina.startup.HostConfig.deployDirectory Deploying web application directory [/mnt/c/Users/chend/Downloads/insured-assurance-app/target/apache-tomcat-9.0.89/webapps/host-manager]
04-May-2026 08:56:23.962 INFO [main] org.apache.catalina.startup.HostConfig.deployDirectory Deployment of web application directory [/mnt/c/Users/chend/Downloads/insured-assurance-app/target/apache-tomcat-9.0.89/webapps/host-manager] has finished in [626] ms
04-May-2026 08:56:23.964 INFO [main] org.apache.catalina.startup.HostConfig.deployDirectory Deploying web application directory [/mnt/c/Users/chend/Downloads/insured-assurance-app/target/apache-tomcat-9.0.89/webapps/manager]
04-May-2026 08:56:24.658 INFO [main] org.apache.catalina.startup.HostConfig.deployDirectory Deployment of web application directory [/mnt/c/Users/chend/Downloads/insured-assurance-app/target/apache-tomcat-9.0.89/webapps/manager] has finished in [694] ms
04-May-2026 08:56:24.660 INFO [main] org.apache.catalina.startup.HostConfig.deployDirectory Deploying web application directory [/mnt/c/Users/chend/Downloads/insured-assurance-app/target/apache-tomcat-9.0.89/webapps/ROOT]
04-May-2026 08:56:25.122 INFO [main] org.apache.catalina.startup.HostConfig.deployDirectory Deployment of web application directory [/mnt/c/Users/chend/Downloads/insured-assurance-app/target/apache-tomcat-9.0.89/webapps/ROOT] has finished in [462] ms
04-May-2026 08:56:25.135 INFO [main] org.apache.coyote.AbstractProtocol.start Starting ProtocolHandler ["http-nio-8080"]
04-May-2026 08:56:25.157 INFO [main] org.apache.catalina.startup.Catalina.start Server startup in [10113] milliseconds
04-May-2026 08:56:25.161 SEVERE [main] org.apache.catalina.core.StandardServer.await Failed to create server shutdown socket on address [localhost] and port [8005] (base port [8005] and offset [0])
	java.net.BindException: Address already in use
		at java.base/sun.nio.ch.Net.bind0(Native Method)
		at java.base/sun.nio.ch.Net.bind(Net.java:567)
		at java.base/sun.nio.ch.Net.bind(Net.java:556)
		at java.base/sun.nio.ch.NioSocketImpl.bind(NioSocketImpl.java:648)
		at java.base/java.net.ServerSocket.bind(ServerSocket.java:388)
		at java.base/java.net.ServerSocket.<init>(ServerSocket.java:274)
		at org.apache.catalina.core.StandardServer.await(StandardServer.java:541)
		at org.apache.catalina.startup.Catalina.await(Catalina.java:825)
		at org.apache.catalina.startup.Catalina.start(Catalina.java:773)
		at java.base/jdk.internal.reflect.NativeMethodAccessorImpl.invoke0(Native Method)
		at java.base/jdk.internal.reflect.NativeMethodAccessorImpl.invoke(NativeMethodAccessorImpl.java:77)
		at java.base/jdk.internal.reflect.DelegatingMethodAccessorImpl.invoke(DelegatingMethodAccessorImpl.java:43)
		at java.base/java.lang.reflect.Method.invoke(Method.java:569)
		at org.apache.catalina.startup.Bootstrap.start(Bootstrap.java:345)
		at org.apache.catalina.startup.Bootstrap.main(Bootstrap.java:473)
04-May-2026 08:56:25.162 INFO [main] org.apache.coyote.AbstractProtocol.pause Pausing ProtocolHandler ["http-nio-8080"]
04-May-2026 08:56:25.189 INFO [main] org.apache.catalina.core.StandardService.stopInternal Stopping service [Catalina]
04-May-2026 08:56:25.234 INFO [main] org.apache.coyote.AbstractProtocol.stop Stopping ProtocolHandler ["http-nio-8080"]
04-May-2026 08:56:25.294 INFO [main] org.apache.coyote.AbstractProtocol.destroy Destroying ProtocolHandler ["http-nio-8080"]
04-May-2026 08:56:42.083 INFO [main] org.apache.catalina.startup.VersionLoggerListener.log Server version name:   Apache Tomcat/9.0.89
04-May-2026 08:56:42.087 INFO [main] org.apache.catalina.startup.VersionLoggerListener.log Server built:          May 3 2024 20:22:11 UTC
04-May-2026 08:56:42.087 INFO [main] org.apache.catalina.startup.VersionLoggerListener.log Server version number: 9.0.89.0
04-May-2026 08:56:42.087 INFO [main] org.apache.catalina.startup.VersionLoggerListener.log OS Name:               Linux
04-May-2026 08:56:42.088 INFO [main] org.apache.catalina.startup.VersionLoggerListener.log OS Version:            5.15.167.4-microsoft-standard-WSL2
04-May-2026 08:56:42.088 INFO [main] org.apache.catalina.startup.VersionLoggerListener.log Architecture:          amd64
04-May-2026 08:56:42.088 INFO [main] org.apache.catalina.startup.VersionLoggerListener.log Java Home:             /usr/lib/jvm/java-17-openjdk-amd64
04-May-2026 08:56:42.088 INFO [main] org.apache.catalina.startup.VersionLoggerListener.log JVM Version:           17.0.18+8-Ubuntu-124.04.1
04-May-2026 08:56:42.088 INFO [main] org.apache.catalina.startup.VersionLoggerListener.log JVM Vendor:            Ubuntu
04-May-2026 08:56:42.088 INFO [main] org.apache.catalina.startup.VersionLoggerListener.log CATALINA_BASE:         /mnt/c/Users/chend/Downloads/insured-assurance-app/target/apache-tomcat-9.0.89
04-May-2026 08:56:42.089 INFO [main] org.apache.catalina.startup.VersionLoggerListener.log CATALINA_HOME:         /mnt/c/Users/chend/Downloads/insured-assurance-app/target/apache-tomcat-9.0.89
04-May-2026 08:56:42.099 INFO [main] org.apache.catalina.startup.VersionLoggerListener.log Command line argument: --add-opens=java.base/java.lang=ALL-UNNAMED
04-May-2026 08:56:42.099 INFO [main] org.apache.catalina.startup.VersionLoggerListener.log Command line argument: --add-opens=java.base/java.io=ALL-UNNAMED
04-May-2026 08:56:42.100 INFO [main] org.apache.catalina.startup.VersionLoggerListener.log Command line argument: --add-opens=java.base/java.util=ALL-UNNAMED
04-May-2026 08:56:42.100 INFO [main] org.apache.catalina.startup.VersionLoggerListener.log Command line argument: --add-opens=java.base/java.util.concurrent=ALL-UNNAMED
04-May-2026 08:56:42.100 INFO [main] org.apache.catalina.startup.VersionLoggerListener.log Command line argument: --add-opens=java.rmi/sun.rmi.transport=ALL-UNNAMED
04-May-2026 08:56:42.100 INFO [main] org.apache.catalina.startup.VersionLoggerListener.log Command line argument: -Djava.util.logging.config.file=/mnt/c/Users/chend/Downloads/insured-assurance-app/target/apache-tomcat-9.0.89/conf/logging.properties
04-May-2026 08:56:42.101 INFO [main] org.apache.catalina.startup.VersionLoggerListener.log Command line argument: -Djava.util.logging.manager=org.apache.juli.ClassLoaderLogManager
04-May-2026 08:56:42.101 INFO [main] org.apache.catalina.startup.VersionLoggerListener.log Command line argument: -Djdk.tls.ephemeralDHKeySize=2048
04-May-2026 08:56:42.101 INFO [main] org.apache.catalina.startup.VersionLoggerListener.log Command line argument: -Djava.protocol.handler.pkgs=org.apache.catalina.webresources
04-May-2026 08:56:42.101 INFO [main] org.apache.catalina.startup.VersionLoggerListener.log Command line argument: -Dorg.apache.catalina.security.SecurityListener.UMASK=0027
04-May-2026 08:56:42.101 INFO [main] org.apache.catalina.startup.VersionLoggerListener.log Command line argument: -Dignore.endorsed.dirs=
04-May-2026 08:56:42.102 INFO [main] org.apache.catalina.startup.VersionLoggerListener.log Command line argument: -Dcatalina.base=/mnt/c/Users/chend/Downloads/insured-assurance-app/target/apache-tomcat-9.0.89
04-May-2026 08:56:42.102 INFO [main] org.apache.catalina.startup.VersionLoggerListener.log Command line argument: -Dcatalina.home=/mnt/c/Users/chend/Downloads/insured-assurance-app/target/apache-tomcat-9.0.89
04-May-2026 08:56:42.102 INFO [main] org.apache.catalina.startup.VersionLoggerListener.log Command line argument: -Djava.io.tmpdir=/mnt/c/Users/chend/Downloads/insured-assurance-app/target/apache-tomcat-9.0.89/temp
04-May-2026 08:56:42.107 INFO [main] org.apache.catalina.core.AprLifecycleListener.lifecycleEvent The Apache Tomcat Native library which allows using OpenSSL was not found on the java.library.path: [/usr/java/packages/lib:/usr/lib/x86_64-linux-gnu/jni:/lib/x86_64-linux-gnu:/usr/lib/x86_64-linux-gnu:/usr/lib/jni:/lib:/usr/lib]
04-May-2026 08:56:42.650 INFO [main] org.apache.coyote.AbstractProtocol.init Initializing ProtocolHandler ["http-nio-8080"]
04-May-2026 08:56:42.686 INFO [main] org.apache.catalina.startup.Catalina.load Server initialization in [1071] milliseconds
04-May-2026 08:56:42.785 INFO [main] org.apache.catalina.core.StandardService.startInternal Starting service [Catalina]
04-May-2026 08:56:42.785 INFO [main] org.apache.catalina.core.StandardEngine.startInternal Starting Servlet engine: [Apache Tomcat/9.0.89]
04-May-2026 08:56:42.839 INFO [main] org.apache.catalina.startup.HostConfig.deployDirectory Deploying web application directory [/mnt/c/Users/chend/Downloads/insured-assurance-app/target/apache-tomcat-9.0.89/webapps/docs]
04-May-2026 08:56:43.971 INFO [main] org.apache.catalina.startup.HostConfig.deployDirectory Deployment of web application directory [/mnt/c/Users/chend/Downloads/insured-assurance-app/target/apache-tomcat-9.0.89/webapps/docs] has finished in [1,131] ms
04-May-2026 08:56:43.973 INFO [main] org.apache.catalina.startup.HostConfig.deployDirectory Deploying web application directory [/mnt/c/Users/chend/Downloads/insured-assurance-app/target/apache-tomcat-9.0.89/webapps/examples]
04-May-2026 08:56:49.888 INFO [main] org.apache.catalina.startup.HostConfig.deployDirectory Deployment of web application directory [/mnt/c/Users/chend/Downloads/insured-assurance-app/target/apache-tomcat-9.0.89/webapps/examples] has finished in [5,915] ms
04-May-2026 08:56:49.891 INFO [main] org.apache.catalina.startup.HostConfig.deployDirectory Deploying web application directory [/mnt/c/Users/chend/Downloads/insured-assurance-app/target/apache-tomcat-9.0.89/webapps/host-manager]
04-May-2026 08:56:50.431 INFO [main] org.apache.catalina.startup.HostConfig.deployDirectory Deployment of web application directory [/mnt/c/Users/chend/Downloads/insured-assurance-app/target/apache-tomcat-9.0.89/webapps/host-manager] has finished in [540] ms
04-May-2026 08:56:50.434 INFO [main] org.apache.catalina.startup.HostConfig.deployDirectory Deploying web application directory [/mnt/c/Users/chend/Downloads/insured-assurance-app/target/apache-tomcat-9.0.89/webapps/manager]
04-May-2026 08:56:51.075 INFO [main] org.apache.catalina.startup.HostConfig.deployDirectory Deployment of web application directory [/mnt/c/Users/chend/Downloads/insured-assurance-app/target/apache-tomcat-9.0.89/webapps/manager] has finished in [640] ms
04-May-2026 08:56:51.077 INFO [main] org.apache.catalina.startup.HostConfig.deployDirectory Deploying web application directory [/mnt/c/Users/chend/Downloads/insured-assurance-app/target/apache-tomcat-9.0.89/webapps/ROOT]
04-May-2026 08:56:51.470 INFO [main] org.apache.catalina.startup.HostConfig.deployDirectory Deployment of web application directory [/mnt/c/Users/chend/Downloads/insured-assurance-app/target/apache-tomcat-9.0.89/webapps/ROOT] has finished in [393] ms
04-May-2026 08:56:51.481 INFO [main] org.apache.coyote.AbstractProtocol.start Starting ProtocolHandler ["http-nio-8080"]
04-May-2026 08:56:51.508 INFO [main] org.apache.catalina.startup.Catalina.start Server startup in [8820] milliseconds
04-May-2026 08:56:51.512 SEVERE [main] org.apache.catalina.core.StandardServer.await Failed to create server shutdown socket on address [localhost] and port [8005] (base port [8005] and offset [0])
	java.net.BindException: Address already in use
		at java.base/sun.nio.ch.Net.bind0(Native Method)
		at java.base/sun.nio.ch.Net.bind(Net.java:567)
		at java.base/sun.nio.ch.Net.bind(Net.java:556)
		at java.base/sun.nio.ch.NioSocketImpl.bind(NioSocketImpl.java:648)
		at java.base/java.net.ServerSocket.bind(ServerSocket.java:388)
		at java.base/java.net.ServerSocket.<init>(ServerSocket.java:274)
		at org.apache.catalina.core.StandardServer.await(StandardServer.java:541)
		at org.apache.catalina.startup.Catalina.await(Catalina.java:825)
		at org.apache.catalina.startup.Catalina.start(Catalina.java:773)
		at java.base/jdk.internal.reflect.NativeMethodAccessorImpl.invoke0(Native Method)
		at java.base/jdk.internal.reflect.NativeMethodAccessorImpl.invoke(NativeMethodAccessorImpl.java:77)
		at java.base/jdk.internal.reflect.DelegatingMethodAccessorImpl.invoke(DelegatingMethodAccessorImpl.java:43)
		at java.base/java.lang.reflect.Method.invoke(Method.java:569)
		at org.apache.catalina.startup.Bootstrap.start(Bootstrap.java:345)
		at org.apache.catalina.startup.Bootstrap.main(Bootstrap.java:473)
04-May-2026 08:56:51.513 INFO [main] org.apache.coyote.AbstractProtocol.pause Pausing ProtocolHandler ["http-nio-8080"]
04-May-2026 08:56:51.517 INFO [main] org.apache.catalina.core.StandardService.stopInternal Stopping service [Catalina]
04-May-2026 08:56:51.556 INFO [main] org.apache.coyote.AbstractProtocol.stop Stopping ProtocolHandler ["http-nio-8080"]
04-May-2026 08:56:51.562 INFO [main] org.apache.coyote.AbstractProtocol.destroy Destroying ProtocolHandler ["http-nio-8080"]
04-May-2026 08:57:42.957 INFO [main] org.apache.catalina.startup.VersionLoggerListener.log Server version name:   Apache Tomcat/9.0.89
04-May-2026 08:57:42.962 INFO [main] org.apache.catalina.startup.VersionLoggerListener.log Server built:          May 3 2024 20:22:11 UTC
04-May-2026 08:57:42.962 INFO [main] org.apache.catalina.startup.VersionLoggerListener.log Server version number: 9.0.89.0
04-May-2026 08:57:42.963 INFO [main] org.apache.catalina.startup.VersionLoggerListener.log OS Name:               Linux
04-May-2026 08:57:42.964 INFO [main] org.apache.catalina.startup.VersionLoggerListener.log OS Version:            5.15.167.4-microsoft-standard-WSL2
04-May-2026 08:57:42.964 INFO [main] org.apache.catalina.startup.VersionLoggerListener.log Architecture:          amd64
04-May-2026 08:57:42.965 INFO [main] org.apache.catalina.startup.VersionLoggerListener.log Java Home:             /usr/lib/jvm/java-17-openjdk-amd64
04-May-2026 08:57:42.965 INFO [main] org.apache.catalina.startup.VersionLoggerListener.log JVM Version:           17.0.18+8-Ubuntu-124.04.1
04-May-2026 08:57:42.965 INFO [main] org.apache.catalina.startup.VersionLoggerListener.log JVM Vendor:            Ubuntu
04-May-2026 08:57:42.966 INFO [main] org.apache.catalina.startup.VersionLoggerListener.log CATALINA_BASE:         /mnt/c/Users/chend/Downloads/insured-assurance-app/target/apache-tomcat-9.0.89
04-May-2026 08:57:42.966 INFO [main] org.apache.catalina.startup.VersionLoggerListener.log CATALINA_HOME:         /mnt/c/Users/chend/Downloads/insured-assurance-app/target/apache-tomcat-9.0.89
04-May-2026 08:57:42.971 INFO [main] org.apache.catalina.startup.VersionLoggerListener.log Command line argument: --add-opens=java.base/java.lang=ALL-UNNAMED
04-May-2026 08:57:42.972 INFO [main] org.apache.catalina.startup.VersionLoggerListener.log Command line argument: --add-opens=java.base/java.io=ALL-UNNAMED
04-May-2026 08:57:42.973 INFO [main] org.apache.catalina.startup.VersionLoggerListener.log Command line argument: --add-opens=java.base/java.util=ALL-UNNAMED
04-May-2026 08:57:42.974 INFO [main] org.apache.catalina.startup.VersionLoggerListener.log Command line argument: --add-opens=java.base/java.util.concurrent=ALL-UNNAMED
04-May-2026 08:57:42.974 INFO [main] org.apache.catalina.startup.VersionLoggerListener.log Command line argument: --add-opens=java.rmi/sun.rmi.transport=ALL-UNNAMED
04-May-2026 08:57:42.974 INFO [main] org.apache.catalina.startup.VersionLoggerListener.log Command line argument: -Djava.util.logging.config.file=/mnt/c/Users/chend/Downloads/insured-assurance-app/target/apache-tomcat-9.0.89/conf/logging.properties
04-May-2026 08:57:42.975 INFO [main] org.apache.catalina.startup.VersionLoggerListener.log Command line argument: -Djava.util.logging.manager=org.apache.juli.ClassLoaderLogManager
04-May-2026 08:57:42.975 INFO [main] org.apache.catalina.startup.VersionLoggerListener.log Command line argument: -Djdk.tls.ephemeralDHKeySize=2048
04-May-2026 08:57:42.976 INFO [main] org.apache.catalina.startup.VersionLoggerListener.log Command line argument: -Djava.protocol.handler.pkgs=org.apache.catalina.webresources
04-May-2026 08:57:42.976 INFO [main] org.apache.catalina.startup.VersionLoggerListener.log Command line argument: -Dorg.apache.catalina.security.SecurityListener.UMASK=0027
04-May-2026 08:57:42.977 INFO [main] org.apache.catalina.startup.VersionLoggerListener.log Command line argument: -Dignore.endorsed.dirs=
04-May-2026 08:57:42.977 INFO [main] org.apache.catalina.startup.VersionLoggerListener.log Command line argument: -Dcatalina.base=/mnt/c/Users/chend/Downloads/insured-assurance-app/target/apache-tomcat-9.0.89
04-May-2026 08:57:42.978 INFO [main] org.apache.catalina.startup.VersionLoggerListener.log Command line argument: -Dcatalina.home=/mnt/c/Users/chend/Downloads/insured-assurance-app/target/apache-tomcat-9.0.89
04-May-2026 08:57:42.978 INFO [main] org.apache.catalina.startup.VersionLoggerListener.log Command line argument: -Djava.io.tmpdir=/mnt/c/Users/chend/Downloads/insured-assurance-app/target/apache-tomcat-9.0.89/temp
04-May-2026 08:57:42.984 INFO [main] org.apache.catalina.core.AprLifecycleListener.lifecycleEvent The Apache Tomcat Native library which allows using OpenSSL was not found on the java.library.path: [/usr/java/packages/lib:/usr/lib/x86_64-linux-gnu/jni:/lib/x86_64-linux-gnu:/usr/lib/x86_64-linux-gnu:/usr/lib/jni:/lib:/usr/lib]
04-May-2026 08:57:43.545 INFO [main] org.apache.coyote.AbstractProtocol.init Initializing ProtocolHandler ["http-nio-8080"]
04-May-2026 08:57:43.577 INFO [main] org.apache.catalina.startup.Catalina.load Server initialization in [1120] milliseconds
04-May-2026 08:57:43.672 INFO [main] org.apache.catalina.core.StandardService.startInternal Starting service [Catalina]
04-May-2026 08:57:43.672 INFO [main] org.apache.catalina.core.StandardEngine.startInternal Starting Servlet engine: [Apache Tomcat/9.0.89]
04-May-2026 08:57:43.710 INFO [main] org.apache.catalina.startup.HostConfig.deployDirectory Deploying web application directory [/mnt/c/Users/chend/Downloads/insured-assurance-app/target/apache-tomcat-9.0.89/webapps/docs]
04-May-2026 08:57:44.753 INFO [main] org.apache.catalina.startup.HostConfig.deployDirectory Deployment of web application directory [/mnt/c/Users/chend/Downloads/insured-assurance-app/target/apache-tomcat-9.0.89/webapps/docs] has finished in [1,043] ms
04-May-2026 08:57:44.755 INFO [main] org.apache.catalina.startup.HostConfig.deployDirectory Deploying web application directory [/mnt/c/Users/chend/Downloads/insured-assurance-app/target/apache-tomcat-9.0.89/webapps/examples]
04-May-2026 08:57:50.484 INFO [main] org.apache.catalina.startup.HostConfig.deployDirectory Deployment of web application directory [/mnt/c/Users/chend/Downloads/insured-assurance-app/target/apache-tomcat-9.0.89/webapps/examples] has finished in [5,729] ms
04-May-2026 08:57:50.486 INFO [main] org.apache.catalina.startup.HostConfig.deployDirectory Deploying web application directory [/mnt/c/Users/chend/Downloads/insured-assurance-app/target/apache-tomcat-9.0.89/webapps/host-manager]
04-May-2026 08:57:51.066 INFO [main] org.apache.catalina.startup.HostConfig.deployDirectory Deployment of web application directory [/mnt/c/Users/chend/Downloads/insured-assurance-app/target/apache-tomcat-9.0.89/webapps/host-manager] has finished in [579] ms
04-May-2026 08:57:51.068 INFO [main] org.apache.catalina.startup.HostConfig.deployDirectory Deploying web application directory [/mnt/c/Users/chend/Downloads/insured-assurance-app/target/apache-tomcat-9.0.89/webapps/manager]
04-May-2026 08:57:51.658 INFO [main] org.apache.catalina.startup.HostConfig.deployDirectory Deployment of web application directory [/mnt/c/Users/chend/Downloads/insured-assurance-app/target/apache-tomcat-9.0.89/webapps/manager] has finished in [590] ms
04-May-2026 08:57:51.660 INFO [main] org.apache.catalina.startup.HostConfig.deployDirectory Deploying web application directory [/mnt/c/Users/chend/Downloads/insured-assurance-app/target/apache-tomcat-9.0.89/webapps/ROOT]
04-May-2026 08:57:52.061 INFO [main] org.apache.catalina.startup.HostConfig.deployDirectory Deployment of web application directory [/mnt/c/Users/chend/Downloads/insured-assurance-app/target/apache-tomcat-9.0.89/webapps/ROOT] has finished in [401] ms
04-May-2026 08:57:52.073 INFO [main] org.apache.coyote.AbstractProtocol.start Starting ProtocolHandler ["http-nio-8080"]
04-May-2026 08:57:52.093 INFO [main] org.apache.catalina.startup.Catalina.start Server startup in [8515] milliseconds
04-May-2026 08:57:52.097 SEVERE [main] org.apache.catalina.core.StandardServer.await Failed to create server shutdown socket on address [localhost] and port [8005] (base port [8005] and offset [0])
	java.net.BindException: Address already in use
		at java.base/sun.nio.ch.Net.bind0(Native Method)
		at java.base/sun.nio.ch.Net.bind(Net.java:567)
		at java.base/sun.nio.ch.Net.bind(Net.java:556)
		at java.base/sun.nio.ch.NioSocketImpl.bind(NioSocketImpl.java:648)
		at java.base/java.net.ServerSocket.bind(ServerSocket.java:388)
		at java.base/java.net.ServerSocket.<init>(ServerSocket.java:274)
		at org.apache.catalina.core.StandardServer.await(StandardServer.java:541)
		at org.apache.catalina.startup.Catalina.await(Catalina.java:825)
		at org.apache.catalina.startup.Catalina.start(Catalina.java:773)
		at java.base/jdk.internal.reflect.NativeMethodAccessorImpl.invoke0(Native Method)
		at java.base/jdk.internal.reflect.NativeMethodAccessorImpl.invoke(NativeMethodAccessorImpl.java:77)
		at java.base/jdk.internal.reflect.DelegatingMethodAccessorImpl.invoke(DelegatingMethodAccessorImpl.java:43)
		at java.base/java.lang.reflect.Method.invoke(Method.java:569)
		at org.apache.catalina.startup.Bootstrap.start(Bootstrap.java:345)
		at org.apache.catalina.startup.Bootstrap.main(Bootstrap.java:473)
04-May-2026 08:57:52.099 INFO [main] org.apache.coyote.AbstractProtocol.pause Pausing ProtocolHandler ["http-nio-8080"]
04-May-2026 08:57:52.111 INFO [main] org.apache.catalina.core.StandardService.stopInternal Stopping service [Catalina]
04-May-2026 08:57:52.142 INFO [main] org.apache.coyote.AbstractProtocol.stop Stopping ProtocolHandler ["http-nio-8080"]
04-May-2026 08:57:52.178 INFO [main] org.apache.coyote.AbstractProtocol.destroy Destroying ProtocolHandler ["http-nio-8080"]
04-May-2026 09:01:21.965 INFO [main] org.apache.catalina.startup.VersionLoggerListener.log Server version name:   Apache Tomcat/9.0.89
04-May-2026 09:01:21.972 INFO [main] org.apache.catalina.startup.VersionLoggerListener.log Server built:          May 3 2024 20:22:11 UTC
04-May-2026 09:01:21.973 INFO [main] org.apache.catalina.startup.VersionLoggerListener.log Server version number: 9.0.89.0
04-May-2026 09:01:21.973 INFO [main] org.apache.catalina.startup.VersionLoggerListener.log OS Name:               Linux
04-May-2026 09:01:21.974 INFO [main] org.apache.catalina.startup.VersionLoggerListener.log OS Version:            5.15.167.4-microsoft-standard-WSL2
04-May-2026 09:01:21.974 INFO [main] org.apache.catalina.startup.VersionLoggerListener.log Architecture:          amd64
04-May-2026 09:01:21.975 INFO [main] org.apache.catalina.startup.VersionLoggerListener.log Java Home:             /usr/lib/jvm/java-17-openjdk-amd64
04-May-2026 09:01:21.975 INFO [main] org.apache.catalina.startup.VersionLoggerListener.log JVM Version:           17.0.18+8-Ubuntu-124.04.1
04-May-2026 09:01:21.976 INFO [main] org.apache.catalina.startup.VersionLoggerListener.log JVM Vendor:            Ubuntu
04-May-2026 09:01:21.976 INFO [main] org.apache.catalina.startup.VersionLoggerListener.log CATALINA_BASE:         /mnt/c/Users/chend/Downloads/insured-assurance-app/target/apache-tomcat-9.0.89
04-May-2026 09:01:21.977 INFO [main] org.apache.catalina.startup.VersionLoggerListener.log CATALINA_HOME:         /mnt/c/Users/chend/Downloads/insured-assurance-app/target/apache-tomcat-9.0.89
04-May-2026 09:01:21.983 INFO [main] org.apache.catalina.startup.VersionLoggerListener.log Command line argument: --add-opens=java.base/java.lang=ALL-UNNAMED
04-May-2026 09:01:21.983 INFO [main] org.apache.catalina.startup.VersionLoggerListener.log Command line argument: --add-opens=java.base/java.io=ALL-UNNAMED
04-May-2026 09:01:21.984 INFO [main] org.apache.catalina.startup.VersionLoggerListener.log Command line argument: --add-opens=java.base/java.util=ALL-UNNAMED
04-May-2026 09:01:21.985 INFO [main] org.apache.catalina.startup.VersionLoggerListener.log Command line argument: --add-opens=java.base/java.util.concurrent=ALL-UNNAMED
04-May-2026 09:01:21.985 INFO [main] org.apache.catalina.startup.VersionLoggerListener.log Command line argument: --add-opens=java.rmi/sun.rmi.transport=ALL-UNNAMED
04-May-2026 09:01:21.986 INFO [main] org.apache.catalina.startup.VersionLoggerListener.log Command line argument: -Djava.util.logging.config.file=/mnt/c/Users/chend/Downloads/insured-assurance-app/target/apache-tomcat-9.0.89/conf/logging.properties
04-May-2026 09:01:21.986 INFO [main] org.apache.catalina.startup.VersionLoggerListener.log Command line argument: -Djava.util.logging.manager=org.apache.juli.ClassLoaderLogManager
04-May-2026 09:01:21.987 INFO [main] org.apache.catalina.startup.VersionLoggerListener.log Command line argument: -Djdk.tls.ephemeralDHKeySize=2048
04-May-2026 09:01:21.988 INFO [main] org.apache.catalina.startup.VersionLoggerListener.log Command line argument: -Djava.protocol.handler.pkgs=org.apache.catalina.webresources
04-May-2026 09:01:21.988 INFO [main] org.apache.catalina.startup.VersionLoggerListener.log Command line argument: -Dorg.apache.catalina.security.SecurityListener.UMASK=0027
04-May-2026 09:01:21.989 INFO [main] org.apache.catalina.startup.VersionLoggerListener.log Command line argument: -Dignore.endorsed.dirs=
04-May-2026 09:01:21.989 INFO [main] org.apache.catalina.startup.VersionLoggerListener.log Command line argument: -Dcatalina.base=/mnt/c/Users/chend/Downloads/insured-assurance-app/target/apache-tomcat-9.0.89
04-May-2026 09:01:21.989 INFO [main] org.apache.catalina.startup.VersionLoggerListener.log Command line argument: -Dcatalina.home=/mnt/c/Users/chend/Downloads/insured-assurance-app/target/apache-tomcat-9.0.89
04-May-2026 09:01:21.990 INFO [main] org.apache.catalina.startup.VersionLoggerListener.log Command line argument: -Djava.io.tmpdir=/mnt/c/Users/chend/Downloads/insured-assurance-app/target/apache-tomcat-9.0.89/temp
04-May-2026 09:01:21.996 INFO [main] org.apache.catalina.core.AprLifecycleListener.lifecycleEvent The Apache Tomcat Native library which allows using OpenSSL was not found on the java.library.path: [/usr/java/packages/lib:/usr/lib/x86_64-linux-gnu/jni:/lib/x86_64-linux-gnu:/usr/lib/x86_64-linux-gnu:/usr/lib/jni:/lib:/usr/lib]
04-May-2026 09:01:22.531 INFO [main] org.apache.coyote.AbstractProtocol.init Initializing ProtocolHandler ["http-nio-8080"]
04-May-2026 09:01:22.566 INFO [main] org.apache.catalina.startup.Catalina.load Server initialization in [1042] milliseconds
04-May-2026 09:01:22.655 INFO [main] org.apache.catalina.core.StandardService.startInternal Starting service [Catalina]
04-May-2026 09:01:22.656 INFO [main] org.apache.catalina.core.StandardEngine.startInternal Starting Servlet engine: [Apache Tomcat/9.0.89]
04-May-2026 09:01:22.696 INFO [main] org.apache.catalina.startup.HostConfig.deployDirectory Deploying web application directory [/mnt/c/Users/chend/Downloads/insured-assurance-app/target/apache-tomcat-9.0.89/webapps/docs]
04-May-2026 09:01:23.843 INFO [main] org.apache.catalina.startup.HostConfig.deployDirectory Deployment of web application directory [/mnt/c/Users/chend/Downloads/insured-assurance-app/target/apache-tomcat-9.0.89/webapps/docs] has finished in [1,146] ms
04-May-2026 09:01:23.845 INFO [main] org.apache.catalina.startup.HostConfig.deployDirectory Deploying web application directory [/mnt/c/Users/chend/Downloads/insured-assurance-app/target/apache-tomcat-9.0.89/webapps/examples]
04-May-2026 09:01:30.137 INFO [main] org.apache.catalina.startup.HostConfig.deployDirectory Deployment of web application directory [/mnt/c/Users/chend/Downloads/insured-assurance-app/target/apache-tomcat-9.0.89/webapps/examples] has finished in [6,292] ms
04-May-2026 09:01:30.140 INFO [main] org.apache.catalina.startup.HostConfig.deployDirectory Deploying web application directory [/mnt/c/Users/chend/Downloads/insured-assurance-app/target/apache-tomcat-9.0.89/webapps/host-manager]
04-May-2026 09:01:30.691 INFO [main] org.apache.catalina.startup.HostConfig.deployDirectory Deployment of web application directory [/mnt/c/Users/chend/Downloads/insured-assurance-app/target/apache-tomcat-9.0.89/webapps/host-manager] has finished in [550] ms
04-May-2026 09:01:30.694 INFO [main] org.apache.catalina.startup.HostConfig.deployDirectory Deploying web application directory [/mnt/c/Users/chend/Downloads/insured-assurance-app/target/apache-tomcat-9.0.89/webapps/manager]
04-May-2026 09:01:31.297 INFO [main] org.apache.catalina.startup.HostConfig.deployDirectory Deployment of web application directory [/mnt/c/Users/chend/Downloads/insured-assurance-app/target/apache-tomcat-9.0.89/webapps/manager] has finished in [603] ms
04-May-2026 09:01:31.299 INFO [main] org.apache.catalina.startup.HostConfig.deployDirectory Deploying web application directory [/mnt/c/Users/chend/Downloads/insured-assurance-app/target/apache-tomcat-9.0.89/webapps/ROOT]
04-May-2026 09:01:31.688 INFO [main] org.apache.catalina.startup.HostConfig.deployDirectory Deployment of web application directory [/mnt/c/Users/chend/Downloads/insured-assurance-app/target/apache-tomcat-9.0.89/webapps/ROOT] has finished in [389] ms
04-May-2026 09:01:31.698 INFO [main] org.apache.coyote.AbstractProtocol.start Starting ProtocolHandler ["http-nio-8080"]
04-May-2026 09:01:31.718 INFO [main] org.apache.catalina.startup.Catalina.start Server startup in [9151] milliseconds
04-May-2026 09:01:52.551 INFO [Catalina-utility-2] org.apache.catalina.startup.HostConfig.deployWAR Deploying web application archive [/mnt/c/Users/chend/Downloads/insured-assurance-app/target/apache-tomcat-9.0.89/webapps/insured-app.war]
04-May-2026 09:01:53.752 INFO [Catalina-utility-2] org.apache.catalina.startup.HostConfig.deployWAR Deployment of web application archive [/mnt/c/Users/chend/Downloads/insured-assurance-app/target/apache-tomcat-9.0.89/webapps/insured-app.war] has finished in [1,201] ms
04-May-2026 09:01:54.988 INFO [Catalina-utility-1] org.apache.catalina.startup.HostConfig.deployWAR Deploying web application archive [/mnt/c/Users/chend/Downloads/insured-assurance-app/target/apache-tomcat-9.0.89/webapps/insured-app.war]
04-May-2026 09:01:55.030 INFO [Catalina-utility-1] org.apache.catalina.startup.ExpandWar.expand An expanded directory [/mnt/c/Users/chend/Downloads/insured-assurance-app/target/apache-tomcat-9.0.89/webapps/insured-app] was found with a last modified time that did not match the associated WAR. It will be deleted.
04-May-2026 09:01:56.369 INFO [Catalina-utility-1] org.apache.catalina.startup.HostConfig.deployWAR Deployment of web application archive [/mnt/c/Users/chend/Downloads/insured-assurance-app/target/apache-tomcat-9.0.89/webapps/insured-app.war] has finished in [1,381] ms
04-May-2026 09:05:38.601 INFO [main] org.apache.catalina.core.StandardServer.await A valid shutdown command was received via the shutdown port. Stopping the Server instance.
04-May-2026 09:05:38.602 INFO [main] org.apache.coyote.AbstractProtocol.pause Pausing ProtocolHandler ["http-nio-8080"]
04-May-2026 09:05:38.606 INFO [main] org.apache.catalina.core.StandardService.stopInternal Stopping service [Catalina]
04-May-2026 09:05:38.665 INFO [main] org.apache.coyote.AbstractProtocol.stop Stopping ProtocolHandler ["http-nio-8080"]
04-May-2026 09:05:38.672 INFO [main] org.apache.coyote.AbstractProtocol.destroy Destroying ProtocolHandler ["http-nio-8080"]
04-May-2026 09:05:39.636 INFO [main] org.apache.catalina.startup.VersionLoggerListener.log Server version name:   Apache Tomcat/9.0.89
04-May-2026 09:05:39.643 INFO [main] org.apache.catalina.startup.VersionLoggerListener.log Server built:          May 3 2024 20:22:11 UTC
04-May-2026 09:05:39.643 INFO [main] org.apache.catalina.startup.VersionLoggerListener.log Server version number: 9.0.89.0
04-May-2026 09:05:39.644 INFO [main] org.apache.catalina.startup.VersionLoggerListener.log OS Name:               Linux
04-May-2026 09:05:39.645 INFO [main] org.apache.catalina.startup.VersionLoggerListener.log OS Version:            5.15.167.4-microsoft-standard-WSL2
04-May-2026 09:05:39.646 INFO [main] org.apache.catalina.startup.VersionLoggerListener.log Architecture:          amd64
04-May-2026 09:05:39.646 INFO [main] org.apache.catalina.startup.VersionLoggerListener.log Java Home:             /usr/lib/jvm/java-17-openjdk-amd64
04-May-2026 09:05:39.647 INFO [main] org.apache.catalina.startup.VersionLoggerListener.log JVM Version:           17.0.18+8-Ubuntu-124.04.1
04-May-2026 09:05:39.647 INFO [main] org.apache.catalina.startup.VersionLoggerListener.log JVM Vendor:            Ubuntu
04-May-2026 09:05:39.648 INFO [main] org.apache.catalina.startup.VersionLoggerListener.log CATALINA_BASE:         /mnt/c/Users/chend/Downloads/insured-assurance-app/target/apache-tomcat-9.0.89
04-May-2026 09:05:39.648 INFO [main] org.apache.catalina.startup.VersionLoggerListener.log CATALINA_HOME:         /mnt/c/Users/chend/Downloads/insured-assurance-app/target/apache-tomcat-9.0.89
04-May-2026 09:05:39.668 INFO [main] org.apache.catalina.startup.VersionLoggerListener.log Command line argument: --add-opens=java.base/java.lang=ALL-UNNAMED
04-May-2026 09:05:39.669 INFO [main] org.apache.catalina.startup.VersionLoggerListener.log Command line argument: --add-opens=java.base/java.io=ALL-UNNAMED
04-May-2026 09:05:39.670 INFO [main] org.apache.catalina.startup.VersionLoggerListener.log Command line argument: --add-opens=java.base/java.util=ALL-UNNAMED
04-May-2026 09:05:39.670 INFO [main] org.apache.catalina.startup.VersionLoggerListener.log Command line argument: --add-opens=java.base/java.util.concurrent=ALL-UNNAMED
04-May-2026 09:05:39.671 INFO [main] org.apache.catalina.startup.VersionLoggerListener.log Command line argument: --add-opens=java.rmi/sun.rmi.transport=ALL-UNNAMED
04-May-2026 09:05:39.672 INFO [main] org.apache.catalina.startup.VersionLoggerListener.log Command line argument: -Djava.util.logging.config.file=/mnt/c/Users/chend/Downloads/insured-assurance-app/target/apache-tomcat-9.0.89/conf/logging.properties
04-May-2026 09:05:39.672 INFO [main] org.apache.catalina.startup.VersionLoggerListener.log Command line argument: -Djava.util.logging.manager=org.apache.juli.ClassLoaderLogManager
04-May-2026 09:05:39.673 INFO [main] org.apache.catalina.startup.VersionLoggerListener.log Command line argument: -Djdk.tls.ephemeralDHKeySize=2048
04-May-2026 09:05:39.674 INFO [main] org.apache.catalina.startup.VersionLoggerListener.log Command line argument: -Djava.protocol.handler.pkgs=org.apache.catalina.webresources
04-May-2026 09:05:39.675 INFO [main] org.apache.catalina.startup.VersionLoggerListener.log Command line argument: -Dorg.apache.catalina.security.SecurityListener.UMASK=0027
04-May-2026 09:05:39.676 INFO [main] org.apache.catalina.startup.VersionLoggerListener.log Command line argument: -Dignore.endorsed.dirs=
04-May-2026 09:05:39.677 INFO [main] org.apache.catalina.startup.VersionLoggerListener.log Command line argument: -Dcatalina.base=/mnt/c/Users/chend/Downloads/insured-assurance-app/target/apache-tomcat-9.0.89
04-May-2026 09:05:39.677 INFO [main] org.apache.catalina.startup.VersionLoggerListener.log Command line argument: -Dcatalina.home=/mnt/c/Users/chend/Downloads/insured-assurance-app/target/apache-tomcat-9.0.89
04-May-2026 09:05:39.678 INFO [main] org.apache.catalina.startup.VersionLoggerListener.log Command line argument: -Djava.io.tmpdir=/mnt/c/Users/chend/Downloads/insured-assurance-app/target/apache-tomcat-9.0.89/temp
04-May-2026 09:05:39.684 INFO [main] org.apache.catalina.core.AprLifecycleListener.lifecycleEvent The Apache Tomcat Native library which allows using OpenSSL was not found on the java.library.path: [/usr/java/packages/lib:/usr/lib/x86_64-linux-gnu/jni:/lib/x86_64-linux-gnu:/usr/lib/x86_64-linux-gnu:/usr/lib/jni:/lib:/usr/lib]
04-May-2026 09:05:40.297 INFO [main] org.apache.coyote.AbstractProtocol.init Initializing ProtocolHandler ["http-nio-8081"]
04-May-2026 09:05:40.344 INFO [main] org.apache.catalina.startup.Catalina.load Server initialization in [1184] milliseconds
04-May-2026 09:05:40.450 INFO [main] org.apache.catalina.core.StandardService.startInternal Starting service [Catalina]
04-May-2026 09:05:40.450 INFO [main] org.apache.catalina.core.StandardEngine.startInternal Starting Servlet engine: [Apache Tomcat/9.0.89]
04-May-2026 09:05:40.546 INFO [main] org.apache.catalina.startup.HostConfig.deployWAR Deploying web application archive [/mnt/c/Users/chend/Downloads/insured-assurance-app/target/apache-tomcat-9.0.89/webapps/insured-app.war]
04-May-2026 09:05:40.661 INFO [main] org.apache.catalina.startup.ExpandWar.expand An expanded directory [/mnt/c/Users/chend/Downloads/insured-assurance-app/target/apache-tomcat-9.0.89/webapps/insured-app] was found with a last modified time that did not match the associated WAR. It will be deleted.
04-May-2026 09:05:42.919 INFO [main] org.apache.catalina.startup.HostConfig.deployWAR Deployment of web application archive [/mnt/c/Users/chend/Downloads/insured-assurance-app/target/apache-tomcat-9.0.89/webapps/insured-app.war] has finished in [2,364] ms
04-May-2026 09:05:42.924 INFO [main] org.apache.catalina.startup.HostConfig.deployDirectory Deploying web application directory [/mnt/c/Users/chend/Downloads/insured-assurance-app/target/apache-tomcat-9.0.89/webapps/docs]
04-May-2026 09:05:43.507 INFO [main] org.apache.catalina.startup.HostConfig.deployDirectory Deployment of web application directory [/mnt/c/Users/chend/Downloads/insured-assurance-app/target/apache-tomcat-9.0.89/webapps/docs] has finished in [582] ms
04-May-2026 09:05:43.509 INFO [main] org.apache.catalina.startup.HostConfig.deployDirectory Deploying web application directory [/mnt/c/Users/chend/Downloads/insured-assurance-app/target/apache-tomcat-9.0.89/webapps/examples]
04-May-2026 09:05:49.616 INFO [main] org.apache.catalina.startup.HostConfig.deployDirectory Deployment of web application directory [/mnt/c/Users/chend/Downloads/insured-assurance-app/target/apache-tomcat-9.0.89/webapps/examples] has finished in [6,106] ms
04-May-2026 09:05:49.619 INFO [main] org.apache.catalina.startup.HostConfig.deployDirectory Deploying web application directory [/mnt/c/Users/chend/Downloads/insured-assurance-app/target/apache-tomcat-9.0.89/webapps/host-manager]
04-May-2026 09:05:50.244 INFO [main] org.apache.catalina.startup.HostConfig.deployDirectory Deployment of web application directory [/mnt/c/Users/chend/Downloads/insured-assurance-app/target/apache-tomcat-9.0.89/webapps/host-manager] has finished in [626] ms
04-May-2026 09:05:50.249 INFO [main] org.apache.catalina.startup.HostConfig.deployDirectory Deploying web application directory [/mnt/c/Users/chend/Downloads/insured-assurance-app/target/apache-tomcat-9.0.89/webapps/manager]
04-May-2026 09:05:50.860 INFO [main] org.apache.catalina.startup.HostConfig.deployDirectory Deployment of web application directory [/mnt/c/Users/chend/Downloads/insured-assurance-app/target/apache-tomcat-9.0.89/webapps/manager] has finished in [610] ms
04-May-2026 09:05:50.862 INFO [main] org.apache.catalina.startup.HostConfig.deployDirectory Deploying web application directory [/mnt/c/Users/chend/Downloads/insured-assurance-app/target/apache-tomcat-9.0.89/webapps/ROOT]
04-May-2026 09:05:54.165 INFO [main] org.apache.catalina.startup.HostConfig.deployDirectory Deployment of web application directory [/mnt/c/Users/chend/Downloads/insured-assurance-app/target/apache-tomcat-9.0.89/webapps/ROOT] has finished in [3,302] ms
04-May-2026 09:05:54.177 INFO [main] org.apache.coyote.AbstractProtocol.start Starting ProtocolHandler ["http-nio-8081"]
04-May-2026 09:05:54.212 INFO [main] org.apache.catalina.startup.Catalina.start Server startup in [11001] milliseconds
