04-May-2026 08:52:13.283 INFO [main] org.apache.catalina.core.ApplicationContext.log ContextListener: contextInitialized()
04-May-2026 08:52:13.283 INFO [main] org.apache.catalina.core.ApplicationContext.log SessionListener: contextInitialized()
04-May-2026 08:52:13.316 INFO [main] org.apache.catalina.core.ApplicationContext.log ContextListener: attributeAdded('StockTicker', 'async.Stockticker@2dbf4cbd')
04-May-2026 08:53:18.452 INFO [main] org.apache.catalina.core.ApplicationContext.log ContextListener: contextInitialized()
04-May-2026 08:53:18.453 INFO [main] org.apache.catalina.core.ApplicationContext.log SessionListener: contextInitialized()
04-May-2026 08:53:18.481 INFO [main] org.apache.catalina.core.ApplicationContext.log ContextListener: attributeAdded('StockTicker', 'async.Stockticker@38f57b3d')
04-May-2026 08:53:20.501 INFO [main] org.apache.catalina.core.ApplicationContext.log SessionListener: contextDestroyed()
04-May-2026 08:53:20.501 INFO [main] org.apache.catalina.core.ApplicationContext.log ContextListener: contextDestroyed()
04-May-2026 08:55:46.564 INFO [main] org.apache.catalina.core.ApplicationContext.log ContextListener: contextInitialized()
04-May-2026 08:55:46.564 INFO [main] org.apache.catalina.core.ApplicationContext.log SessionListener: contextInitialized()
04-May-2026 08:55:46.590 INFO [main] org.apache.catalina.core.ApplicationContext.log ContextListener: attributeAdded('StockTicker', 'async.Stockticker@1ddae9b5')
04-May-2026 08:55:48.627 INFO [main] org.apache.catalina.core.ApplicationContext.log SessionListener: contextDestroyed()
04-May-2026 08:55:48.627 INFO [main] org.apache.catalina.core.ApplicationContext.log ContextListener: contextDestroyed()
04-May-2026 08:56:23.178 INFO [main] org.apache.catalina.core.ApplicationContext.log ContextListener: contextInitialized()
04-May-2026 08:56:23.178 INFO [main] org.apache.catalina.core.ApplicationContext.log SessionListener: contextInitialized()
04-May-2026 08:56:23.208 INFO [main] org.apache.catalina.core.ApplicationContext.log ContextListener: attributeAdded('StockTicker', 'async.Stockticker@28d6290')
04-May-2026 08:56:25.208 INFO [main] org.apache.catalina.core.ApplicationContext.log SessionListener: contextDestroyed()
04-May-2026 08:56:25.209 INFO [main] org.apache.catalina.core.ApplicationContext.log ContextListener: contextDestroyed()
04-May-2026 08:56:49.763 INFO [main] org.apache.catalina.core.ApplicationContext.log ContextListener: contextInitialized()
04-May-2026 08:56:49.763 INFO [main] org.apache.catalina.core.ApplicationContext.log SessionListener: contextInitialized()
04-May-2026 08:56:49.790 INFO [main] org.apache.catalina.core.ApplicationContext.log ContextListener: attributeAdded('StockTicker', 'async.Stockticker@51850751')
04-May-2026 08:56:51.535 INFO [main] org.apache.catalina.core.ApplicationContext.log SessionListener: contextDestroyed()
04-May-2026 08:56:51.536 INFO [main] org.apache.catalina.core.ApplicationContext.log ContextListener: contextDestroyed()
04-May-2026 08:57:50.358 INFO [main] org.apache.catalina.core.ApplicationContext.log ContextListener: contextInitialized()
04-May-2026 08:57:50.358 INFO [main] org.apache.catalina.core.ApplicationContext.log SessionListener: contextInitialized()
04-May-2026 08:57:50.383 INFO [main] org.apache.catalina.core.ApplicationContext.log ContextListener: attributeAdded('StockTicker', 'async.Stockticker@6ca0256d')
04-May-2026 08:57:52.126 INFO [main] org.apache.catalina.core.ApplicationContext.log SessionListener: contextDestroyed()
04-May-2026 08:57:52.126 INFO [main] org.apache.catalina.core.ApplicationContext.log ContextListener: contextDestroyed()
04-May-2026 09:01:30.024 INFO [main] org.apache.catalina.core.ApplicationContext.log ContextListener: contextInitialized()
04-May-2026 09:01:30.024 INFO [main] org.apache.catalina.core.ApplicationContext.log SessionListener: contextInitialized()
04-May-2026 09:01:30.048 INFO [main] org.apache.catalina.core.ApplicationContext.log ContextListener: attributeAdded('StockTicker', 'async.Stockticker@28d6290')
04-May-2026 09:05:38.626 INFO [main] org.apache.catalina.core.ApplicationContext.log SessionListener: contextDestroyed()
04-May-2026 09:05:38.626 INFO [main] org.apache.catalina.core.ApplicationContext.log ContextListener: contextDestroyed()
04-May-2026 09:05:49.482 INFO [main] org.apache.catalina.core.ApplicationContext.log ContextListener: contextInitialized()
04-May-2026 09:05:49.482 INFO [main] org.apache.catalina.core.ApplicationContext.log SessionListener: contextInitialized()
04-May-2026 09:05:49.509 INFO [main] org.apache.catalina.core.ApplicationContext.log ContextListener: attributeAdded('StockTicker', 'async.Stockticker@756cf158')
